<?xml version="1.0" encoding="UTF-8"?>
<!-- Generated by org.testng.reporters.JUnitReportReporter -->
<testsuite hostname="LAPTOP-VHB5TNQA" failures="0" tests="3" name="tests.simpleFormDemoTests" time="23.100" errors="0" timestamp="2021-10-02T23:39:50 BST" skipped="0">
  <testcase classname="tests.simpleFormDemoTests" name="verifySumError" time="6.593"/>
  <system-out/>
  <testcase classname="tests.simpleFormDemoTests" name="verifyCanInputUserMessage" time="6.360"/>
  <system-out/>
  <testcase classname="tests.simpleFormDemoTests" name="verifyValidSum" time="10.147"/>
  <system-out/>
</testsuite> <!-- tests.simpleFormDemoTests -->
